Using pre-set license
Built from '2021.3/staging' branch; Version is '2021.3.18f1 (3129e69bc0c7) revision 3221990'; Using compiler version '192829333'; Build Type 'Release'
OS: 'Windows 11  (10.0.22621) 64bit Core' Language: 'en' Physical Memory: 12091 MB
BatchMode: 1, IsHumanControllingUs: 0, StartBugReporterOnCrash: 0, Is64bit: 1, IsPro: 1

COMMAND LINE ARGUMENTS:
C:\Program Files\Unity 2021.3.18f1\Editor\Unity.exe
-adb2
-batchMode
-noUpm
-name
AssetImportWorker1
-projectPath
C:/Users/lucas/Desktop/ProyectoFinal
-logFile
Logs/AssetImportWorker1.log
-srvPort
59812
Successfully changed project path to: C:/Users/lucas/Desktop/ProyectoFinal
C:/Users/lucas/Desktop/ProyectoFinal
[UnityMemory] Configuration Parameters - Can be set up in boot.config
    "memorysetup-bucket-allocator-granularity=16"
    "memorysetup-bucket-allocator-bucket-count=8"
    "memorysetup-bucket-allocator-block-size=33554432"
    "memorysetup-bucket-allocator-block-count=8"
    "memorysetup-main-allocator-block-size=16777216"
    "memorysetup-thread-allocator-block-size=16777216"
    "memorysetup-gfx-main-allocator-block-size=16777216"
    "memorysetup-gfx-thread-allocator-block-size=16777216"
    "memorysetup-cache-allocator-block-size=4194304"
    "memorysetup-typetree-allocator-block-size=2097152"
    "memorysetup-profiler-bucket-allocator-granularity=16"
    "memorysetup-profiler-bucket-allocator-bucket-count=8"
    "memorysetup-profiler-bucket-allocator-block-size=33554432"
    "memorysetup-profiler-bucket-allocator-block-count=8"
    "memorysetup-profiler-allocator-block-size=16777216"
    "memorysetup-profiler-editor-allocator-block-size=1048576"
    "memorysetup-temp-allocator-size-main=16777216"
    "memorysetup-job-temp-allocator-block-size=2097152"
    "memorysetup-job-temp-allocator-block-size-background=1048576"
    "memorysetup-job-temp-allocator-reduction-small-platforms=262144"
    "memorysetup-temp-allocator-size-background-worker=32768"
    "memorysetup-temp-allocator-size-job-worker=262144"
    "memorysetup-temp-allocator-size-preload-manager=33554432"
    "memorysetup-temp-allocator-size-nav-mesh-worker=65536"
    "memorysetup-temp-allocator-size-audio-worker=65536"
    "memorysetup-temp-allocator-size-cloud-worker=32768"
    "memorysetup-temp-allocator-size-gi-baking-worker=262144"
    "memorysetup-temp-allocator-size-gfx=262144"
Player connection [5888] Host "[IP] 192.168.0.173 [Port] 0 [Flags] 2 [Guid] 2073419399 [EditorId] 2073419399 [Version] 1048832 [Id] WindowsEditor(7,LAPTOP-HO6MVLMQ) [Debug] 1 [PackageName] WindowsEditor [ProjectName] Editor" joined multi-casting on [225.0.0.222:54997]...

Player connection [5888] Host "[IP] 192.168.0.173 [Port] 0 [Flags] 2 [Guid] 2073419399 [EditorId] 2073419399 [Version] 1048832 [Id] WindowsEditor(7,LAPTOP-HO6MVLMQ) [Debug] 1 [PackageName] WindowsEditor [ProjectName] Editor" joined alternative multi-casting on [225.0.0.222:34997]...

Refreshing native plugins compatible for Editor in 144.72 ms, found 3 plugins.
Preloading 0 native plugins for Editor in 0.00 ms.
Initialize engine version: 2021.3.18f1 (3129e69bc0c7)
[Subsystems] Discovering subsystems at path C:/Program Files/Unity 2021.3.18f1/Editor/Data/Resources/UnitySubsystems
[Subsystems] Discovering subsystems at path C:/Users/lucas/Desktop/ProyectoFinal/Assets
GfxDevice: creating device client; threaded=0; jobified=0
Direct3D:
    Version:  Direct3D 11.0 [level 11.0]
    Renderer: NVIDIA GeForce MX130 (ID=0x174d)
    Vendor:   NVIDIA
    VRAM:     2008 MB
    Driver:   31.0.15.2892
Initialize mono
Mono path[0] = 'C:/Program Files/Unity 2021.3.18f1/Editor/Data/Managed'
Mono path[1] = 'C:/Program Files/Unity 2021.3.18f1/Editor/Data/MonoBleedingEdge/lib/mono/unityjit-win32'
Mono config path = 'C:/Program Files/Unity 2021.3.18f1/Editor/Data/MonoBleedingEdge/etc'
Using monoOptions --debugger-agent=transport=dt_socket,embedding=1,server=y,suspend=n,address=127.0.0.1:56940
Begin MonoManager ReloadAssembly
Registering precompiled unity dll's ...
Register platform support module: C:/Program Files/Unity 2021.3.18f1/Editor/Data/PlaybackEngines/WindowsStandaloneSupport/UnityEditor.WindowsStandalone.Extensions.dll
Registered in 0.006863 seconds.
Native extension for WindowsStandalone target not found
Refreshing native plugins compatible for Editor in 321.32 ms, found 3 plugins.
Preloading 0 native plugins for Editor in 0.00 ms.
Mono: successfully reloaded assembly
- Completed reload, in  1.562 seconds
Domain Reload Profiling:
	ReloadAssembly (1563ms)
		BeginReloadAssembly (177ms)
			ExecutionOrderSort (0ms)
			DisableScriptedObjects (0ms)
			BackupInstance (0ms)
			ReleaseScriptingObjects (0ms)
			CreateAndSetChildDomain (1ms)
		EndReloadAssembly (1128ms)
			LoadAssemblies (173ms)
			RebuildTransferFunctionScriptingTraits (0ms)
			SetupTypeCache (288ms)
			ReleaseScriptCaches (0ms)
			RebuildScriptCaches (71ms)
			SetupLoadedEditorAssemblies (654ms)
				LogAssemblyErrors (0ms)
				InitializePlatformSupportModulesInManaged (15ms)
				SetLoadedEditorAssemblies (1ms)
				RefreshPlugins (321ms)
				BeforeProcessingInitializeOnLoad (3ms)
				ProcessInitializeOnLoadAttributes (266ms)
				ProcessInitializeOnLoadMethodAttributes (48ms)
				AfterProcessingInitializeOnLoad (0ms)
				EditorAssembliesLoaded (0ms)
			ExecutionOrderSort2 (0ms)
			AwakeInstancesAfterBackupRestoration (0ms)
Platform modules already initialized, skipping
Registering precompiled user dll's ...
Registered in 0.008278 seconds.
Begin MonoManager ReloadAssembly
Symbol file LoadedFromMemory doesn't match image C:\Users\lucas\Desktop\ProyectoFinal\Library\PackageCache\com.unity.visualscripting@1.8.0\Editor\VisualScripting.Core\Dependencies\YamlDotNet\Unity.VisualScripting.YamlDotNet.dll
Symbol file LoadedFromMemory doesn't match image C:\Users\lucas\Desktop\ProyectoFinal\Library\PackageCache\com.unity.visualscripting@1.8.0\Editor\VisualScripting.Core\Dependencies\DotNetZip\Unity.VisualScripting.IonicZip.dll
Native extension for WindowsStandalone target not found
Refreshing native plugins compatible for Editor in 138.47 ms, found 3 plugins.
Preloading 0 native plugins for Editor in 0.00 ms.
Mono: successfully reloaded assembly
- Completed reload, in  2.339 seconds
Domain Reload Profiling:
	ReloadAssembly (2340ms)
		BeginReloadAssembly (260ms)
			ExecutionOrderSort (0ms)
			DisableScriptedObjects (15ms)
			BackupInstance (0ms)
			ReleaseScriptingObjects (0ms)
			CreateAndSetChildDomain (43ms)
		EndReloadAssembly (1787ms)
			LoadAssemblies (210ms)
			RebuildTransferFunctionScriptingTraits (0ms)
			SetupTypeCache (720ms)
			ReleaseScriptCaches (1ms)
			RebuildScriptCaches (79ms)
			SetupLoadedEditorAssemblies (790ms)
				LogAssemblyErrors (0ms)
				InitializePlatformSupportModulesInManaged (4ms)
				SetLoadedEditorAssemblies (0ms)
				RefreshPlugins (139ms)
				BeforeProcessingInitializeOnLoad (151ms)
				ProcessInitializeOnLoadAttributes (403ms)
				ProcessInitializeOnLoadMethodAttributes (87ms)
				AfterProcessingInitializeOnLoad (6ms)
				EditorAssembliesLoaded (0ms)
			ExecutionOrderSort2 (0ms)
			AwakeInstancesAfterBackupRestoration (6ms)
Platform modules already initialized, skipping
========================================================================
Worker process is ready to serve import requests
Launched and connected shader compiler UnityShaderCompiler.exe after 0.09 seconds
Refreshing native plugins compatible for Editor in 3.65 ms, found 3 plugins.
Preloading 0 native plugins for Editor in 0.00 ms.
Unloading 5420 Unused Serialized files (Serialized files now loaded: 0)
Unloading 47 unused Assets / (476.7 KB). Loaded Objects now: 5877.
Memory consumption went from 237.0 MB to 236.5 MB.
Total: 11.612400 ms (FindLiveObjects: 1.181200 ms CreateObjectMapping: 1.110100 ms MarkObjects: 8.735600 ms  DeleteObjects: 0.583000 ms)

AssetImportParameters requested are different than current active one (requested -> active):
  custom:video-decoder-ogg-theora: a1e56fd34408186e4bbccfd4996cb3dc -> 
  custom:container-muxer-webm: aa71ff27fc2769a1b78a27578f13a17b -> 
  custom:container-demuxer-webm: 4f35f7cbe854078d1ac9338744f61a02 -> 
  custom:video-encoder-webm-vp8: eb34c28f22e8b96e1ab97ce403110664 -> 
  custom:audio-encoder-webm-vorbis: bf7c407c2cedff20999df2af8eb42d56 -> 
  custom:framework-win-MediaFoundation: 216162199b28c13a410421893ffa2e32 -> 
  custom:container-demuxer-ogg: 62fdf1f143b41e24485cea50d1cbac27 -> 
  custom:video-decoder-webm-vp8: 9c59270c3fd7afecdb556c50c9e8de78 -> 
  custom:audio-decoder-ogg-vorbis: bf7c407c2cedff20999df2af8eb42d56 -> 
========================================================================
Received Import Request.
  Time since last request: 710766.533410 seconds.
  path: Assets/Toon_RTS/unded_Demo/demo_scene/ToonRTS_Undead_demo_scene.unity
  artifactKey: Guid(431177ed328b44e40985bb540aa9dded) Importer(2089858483,c653a7c40615fbf8c82c05b109e42dfe)
Start importing Assets/Toon_RTS/unded_Demo/demo_scene/ToonRTS_Undead_demo_scene.unity using Guid(431177ed328b44e40985bb540aa9dded) Importer(2089858483,c653a7c40615fbf8c82c05b109e42dfe) Opening scene 'Assets/Toon_RTS/unded_Demo/demo_scene/ToonRTS_Undead_demo_scene.unity additively'
LightingSettings: switching bake backend from 1 to 0.
Loaded scene 'Assets/Toon_RTS/unded_Demo/demo_scene/ToonRTS_Undead_demo_scene.unity'
	Deserialize:            1.663 ms
	Integration:            8.517 ms
	Integration of assets:  0.002 ms
	Thread Wait Time:       0.018 ms
	Total Operation Time:   10.200 ms
Generated GUIDs only implemented for interfaces!
 -> (artifact id: 'd45ac30c4fd3079ac7e21a51144e6026') in 0.598483 seconds 
========================================================================
Received Import Request.
  Time since last request: 0.000027 seconds.
  path: Assets/UndeadAsset/Prefabs/Weapons/AxeBroken.prefab
  artifactKey: Guid(ca92cad5fc837c44181f97e67e9cc297) Importer(2089858483,c653a7c40615fbf8c82c05b109e42dfe)
Start importing Assets/UndeadAsset/Prefabs/Weapons/AxeBroken.prefab using Guid(ca92cad5fc837c44181f97e67e9cc297) Importer(2089858483,c653a7c40615fbf8c82c05b109e42dfe) Generated GUIDs only implemented for interfaces!
 -> (artifact id: 'c7c00d9d33e8b01c60dce3d6fda1c8aa') in 0.048660 seconds 
========================================================================
Received Import Request.
  Time since last request: 0.000029 seconds.
  path: Assets/UndeadAsset/Model/Weapons/AxeBroken.fbx
  artifactKey: Guid(78d1a63580243484e96b64b94038a9ae) Importer(2089858483,c653a7c40615fbf8c82c05b109e42dfe)
Start importing Assets/UndeadAsset/Model/Weapons/AxeBroken.fbx using Guid(78d1a63580243484e96b64b94038a9ae) Importer(2089858483,c653a7c40615fbf8c82c05b109e42dfe) Generated GUIDs only implemented for interfaces!
 -> (artifact id: '760d09db0b7a3694540690d0f029b9ee') in 0.051908 seconds 
========================================================================
Received Import Request.
  Time since last request: 0.000034 seconds.
  path: Assets/UndeadAsset/Prefabs/Weapons/ShieldRound.prefab
  artifactKey: Guid(0d2c54ecc12765245aa90ca7d21c556b) Importer(2089858483,c653a7c40615fbf8c82c05b109e42dfe)
Start importing Assets/UndeadAsset/Prefabs/Weapons/ShieldRound.prefab using Guid(0d2c54ecc12765245aa90ca7d21c556b) Importer(2089858483,c653a7c40615fbf8c82c05b109e42dfe) Generated GUIDs only implemented for interfaces!
 -> (artifact id: '2d0f8d8c8e1ccc910162d99c67527f69') in 0.018437 seconds 
========================================================================
Received Import Request.
  Time since last request: 0.000020 seconds.
  path: Assets/UndeadAsset/Material/MainUV.mat
  artifactKey: Guid(78b245d1173626a439d1f58dfaf3d063) Importer(2089858483,c653a7c40615fbf8c82c05b109e42dfe)
Start importing Assets/UndeadAsset/Material/MainUV.mat using Guid(78b245d1173626a439d1f58dfaf3d063) Importer(2089858483,c653a7c40615fbf8c82c05b109e42dfe) Generated GUIDs only implemented for interfaces!
 -> (artifact id: 'e58b15b5a599e451de070ee603ba6c70') in 0.015421 seconds 
========================================================================
Received Import Request.
  Time since last request: 0.000017 seconds.
  path: Assets/UndeadAsset/Prefabs/Character/SkeletonLich_II.prefab
  artifactKey: Guid(70b0d7633fc22d1419fe332a014ce87e) Importer(2089858483,c653a7c40615fbf8c82c05b109e42dfe)
Start importing Assets/UndeadAsset/Prefabs/Character/SkeletonLich_II.prefab using Guid(70b0d7633fc22d1419fe332a014ce87e) Importer(2089858483,c653a7c40615fbf8c82c05b109e42dfe) Generated GUIDs only implemented for interfaces!
 -> (artifact id: '239c621c39d1a3b6f951b479e6babcbb') in 0.164542 seconds 
========================================================================
Received Import Request.
  Time since last request: 0.000021 seconds.
  path: Assets/Toon_RTS/unded_Demo/demo_scene/sample_ground.mat
  artifactKey: Guid(cfc4ec4fcf7f1c44ebc04032f02fb499) Importer(2089858483,c653a7c40615fbf8c82c05b109e42dfe)
Start importing Assets/Toon_RTS/unded_Demo/demo_scene/sample_ground.mat using Guid(cfc4ec4fcf7f1c44ebc04032f02fb499) Importer(2089858483,c653a7c40615fbf8c82c05b109e42dfe) Generated GUIDs only implemented for interfaces!
 -> (artifact id: '29646afdb9cd1d09a4d52909eb9c213f') in 0.015480 seconds 
========================================================================
Received Import Request.
  Time since last request: 0.000048 seconds.
  path: Assets/Scenes 1/SampleScene.scenetemplate
  artifactKey: Guid(59fcc377514608a47b357f76a58e0d19) Importer(2089858483,c653a7c40615fbf8c82c05b109e42dfe)
Start importing Assets/Scenes 1/SampleScene.scenetemplate using Guid(59fcc377514608a47b357f76a58e0d19) Importer(2089858483,c653a7c40615fbf8c82c05b109e42dfe) Generated GUIDs only implemented for interfaces!
 -> (artifact id: 'd1e511147100352e32ef1fca339177b6') in 0.135220 seconds 
========================================================================
Received Import Request.
  Time since last request: 0.000024 seconds.
  path: Assets/UndeadAsset/Prefabs/Weapons/StaffLich_II.prefab
  artifactKey: Guid(b15e2248e460e1b42b99071758594aaf) Importer(2089858483,c653a7c40615fbf8c82c05b109e42dfe)
Start importing Assets/UndeadAsset/Prefabs/Weapons/StaffLich_II.prefab using Guid(b15e2248e460e1b42b99071758594aaf) Importer(2089858483,c653a7c40615fbf8c82c05b109e42dfe) Generated GUIDs only implemented for interfaces!
 -> (artifact id: 'f6b98b841f930e52bf0db3f988aa86c8') in 0.021361 seconds 
========================================================================
Received Import Request.
  Time since last request: 0.000046 seconds.
  path: Assets/UndeadAsset/Prefabs/Weapons/SwordBroken.prefab
  artifactKey: Guid(4f27320a171e6b14faeeafcb26276f77) Importer(2089858483,c653a7c40615fbf8c82c05b109e42dfe)
Start importing Assets/UndeadAsset/Prefabs/Weapons/SwordBroken.prefab using Guid(4f27320a171e6b14faeeafcb26276f77) Importer(2089858483,c653a7c40615fbf8c82c05b109e42dfe) Generated GUIDs only implemented for interfaces!
 -> (artifact id: '6c967eb9c8b4d6ca1fe1810794209be8') in 0.015978 seconds 
========================================================================
Received Import Request.
  Time since last request: 0.000023 seconds.
  path: Assets/Toon_RTS/unded_Demo/model/UD_demo_character.FBX
  artifactKey: Guid(f3392e95529ae7540ad53657e3d0ce7d) Importer(2089858483,c653a7c40615fbf8c82c05b109e42dfe)
Start importing Assets/Toon_RTS/unded_Demo/model/UD_demo_character.FBX using Guid(f3392e95529ae7540ad53657e3d0ce7d) Importer(2089858483,c653a7c40615fbf8c82c05b109e42dfe) Generated GUIDs only implemented for interfaces!
 -> (artifact id: 'ef743383418029f8420288999ecee7f1') in 0.035662 seconds 
========================================================================
Received Import Request.
  Time since last request: 0.000023 seconds.
  path: Assets/Toon_RTS/unded_Demo/prefab/UD_demo_character.prefab
  artifactKey: Guid(9f4313a771e05c64d8da7ae6bd19a19f) Importer(2089858483,c653a7c40615fbf8c82c05b109e42dfe)
Start importing Assets/Toon_RTS/unded_Demo/prefab/UD_demo_character.prefab using Guid(9f4313a771e05c64d8da7ae6bd19a19f) Importer(2089858483,c653a7c40615fbf8c82c05b109e42dfe) Generated GUIDs only implemented for interfaces!
 -> (artifact id: '0c598acfabd615946713ea693bdff345') in 0.082706 seconds 
========================================================================
Received Import Request.
  Time since last request: 0.000035 seconds.
  path: Assets/UndeadAsset/Prefabs/Weapons/Scythe.prefab
  artifactKey: Guid(ddcc9bf1ff04f904c8a31ba932743f4b) Importer(2089858483,c653a7c40615fbf8c82c05b109e42dfe)
Start importing Assets/UndeadAsset/Prefabs/Weapons/Scythe.prefab using Guid(ddcc9bf1ff04f904c8a31ba932743f4b) Importer(2089858483,c653a7c40615fbf8c82c05b109e42dfe) Generated GUIDs only implemented for interfaces!
 -> (artifact id: 'bc5a2e162510ede4e42a8b494bed5468') in 0.025998 seconds 
========================================================================
Received Import Request.
  Time since last request: 0.000022 seconds.
  path: Assets/New Terrain.asset
  artifactKey: Guid(9589e77ba205bd44e905b0f95f2a2442) Importer(2089858483,c653a7c40615fbf8c82c05b109e42dfe)
Start importing Assets/New Terrain.asset using Guid(9589e77ba205bd44e905b0f95f2a2442) Importer(2089858483,c653a7c40615fbf8c82c05b109e42dfe) Generated GUIDs only implemented for interfaces!
 -> (artifact id: '68336603eff7da6a8c4101c11ce3f7af') in 0.032010 seconds 
========================================================================
Received Import Request.
  Time since last request: 0.000023 seconds.
  path: Assets/UndeadAsset/Model/Weapons/ShieldRound.fbx
  artifactKey: Guid(b56f1633a37f1ad4fa373c4b57238fa4) Importer(2089858483,c653a7c40615fbf8c82c05b109e42dfe)
Start importing Assets/UndeadAsset/Model/Weapons/ShieldRound.fbx using Guid(b56f1633a37f1ad4fa373c4b57238fa4) Importer(2089858483,c653a7c40615fbf8c82c05b109e42dfe) Generated GUIDs only implemented for interfaces!
 -> (artifact id: '2ff46ce79ee32f8f0358729020b8b9ea') in 0.027380 seconds 
========================================================================
Received Import Request.
  Time since last request: 0.000025 seconds.
  path: Assets/UndeadAsset/Model/Weapons/ShieldHeater.fbx
  artifactKey: Guid(62b8b3637d92a9b4f83f6ec032b65fa5) Importer(2089858483,c653a7c40615fbf8c82c05b109e42dfe)
Start importing Assets/UndeadAsset/Model/Weapons/ShieldHeater.fbx using Guid(62b8b3637d92a9b4f83f6ec032b65fa5) Importer(2089858483,c653a7c40615fbf8c82c05b109e42dfe) Generated GUIDs only implemented for interfaces!
 -> (artifact id: 'eb81ced5979b06080eb4389450f6d771') in 0.034737 seconds 
========================================================================
Received Import Request.
  Time since last request: 0.000025 seconds.
  path: Assets/UndeadAsset/Prefabs/Weapons/StaffLich.prefab
  artifactKey: Guid(d4e25fa50886fa34e8dc1f2376a35703) Importer(2089858483,c653a7c40615fbf8c82c05b109e42dfe)
Start importing Assets/UndeadAsset/Prefabs/Weapons/StaffLich.prefab using Guid(d4e25fa50886fa34e8dc1f2376a35703) Importer(2089858483,c653a7c40615fbf8c82c05b109e42dfe) Generated GUIDs only implemented for interfaces!
 -> (artifact id: '75850a033254ff819bb104c97410af0f') in 0.031369 seconds 
========================================================================
Received Import Request.
  Time since last request: 0.000026 seconds.
  path: Assets/UndeadAsset/Model/Weapons/StaffLich.fbx
  artifactKey: Guid(6e0984a35c2a3c84ba9e62ee2f3e0342) Importer(2089858483,c653a7c40615fbf8c82c05b109e42dfe)
Start importing Assets/UndeadAsset/Model/Weapons/StaffLich.fbx using Guid(6e0984a35c2a3c84ba9e62ee2f3e0342) Importer(2089858483,c653a7c40615fbf8c82c05b109e42dfe) Generated GUIDs only implemented for interfaces!
 -> (artifact id: '60d452d552b34083ffc14be3b5ded012') in 0.037805 seconds 
========================================================================
Received Import Request.
  Time since last request: 0.000039 seconds.
  path: Assets/UndeadAsset/Model/Weapons/StaffPriest.fbx
  artifactKey: Guid(175eb390c88d1554e943530485726ff5) Importer(2089858483,c653a7c40615fbf8c82c05b109e42dfe)
Start importing Assets/UndeadAsset/Model/Weapons/StaffPriest.fbx using Guid(175eb390c88d1554e943530485726ff5) Importer(2089858483,c653a7c40615fbf8c82c05b109e42dfe) Generated GUIDs only implemented for interfaces!
 -> (artifact id: 'dc06f0987118a02a704a2012ef635209') in 0.043594 seconds 
========================================================================
Received Import Request.
  Time since last request: 0.000029 seconds.
  path: Assets/UndeadAsset/Model/Weapons/StaffLich_II.fbx
  artifactKey: Guid(c21e33df9281d4540a68628304ec72cf) Importer(2089858483,c653a7c40615fbf8c82c05b109e42dfe)
Start importing Assets/UndeadAsset/Model/Weapons/StaffLich_II.fbx using Guid(c21e33df9281d4540a68628304ec72cf) Importer(2089858483,c653a7c40615fbf8c82c05b109e42dfe) Generated GUIDs only implemented for interfaces!
 -> (artifact id: '28b199ad6ab05ad98af0e7484a9ca6aa') in 0.038197 seconds 
========================================================================
Received Import Request.
  Time since last request: 0.000031 seconds.
  path: Assets/UndeadAsset/Model/Weapons/Scythe.fbx
  artifactKey: Guid(1c0be8a813bb65941bcb6527be223a1b) Importer(2089858483,c653a7c40615fbf8c82c05b109e42dfe)
Start importing Assets/UndeadAsset/Model/Weapons/Scythe.fbx using Guid(1c0be8a813bb65941bcb6527be223a1b) Importer(2089858483,c653a7c40615fbf8c82c05b109e42dfe) Generated GUIDs only implemented for interfaces!
 -> (artifact id: '3e09482175a846f85ae7714e846596ce') in 0.041382 seconds 
========================================================================
Received Import Request.
  Time since last request: 0.000024 seconds.
  path: Assets/UndeadAsset/Prefabs/Character/Wraith.prefab
  artifactKey: Guid(9257ae217dd1b404c845ae1f178cbfd8) Importer(2089858483,c653a7c40615fbf8c82c05b109e42dfe)
Start importing Assets/UndeadAsset/Prefabs/Character/Wraith.prefab using Guid(9257ae217dd1b404c845ae1f178cbfd8) Importer(2089858483,c653a7c40615fbf8c82c05b109e42dfe) Generated GUIDs only implemented for interfaces!
 -> (artifact id: '567fd63b8383556617f18ff0d1ad185a') in 0.175900 seconds 
========================================================================
Received Import Request.
  Time since last request: 0.000036 seconds.
  path: Assets/UndeadAsset/Prefabs/Weapons/ShieldHeater.prefab
  artifactKey: Guid(d1f5881e0b0260b4a9fb930b33c99ccf) Importer(2089858483,c653a7c40615fbf8c82c05b109e42dfe)
Start importing Assets/UndeadAsset/Prefabs/Weapons/ShieldHeater.prefab using Guid(d1f5881e0b0260b4a9fb930b33c99ccf) Importer(2089858483,c653a7c40615fbf8c82c05b109e42dfe) Generated GUIDs only implemented for interfaces!
 -> (artifact id: '87b87ff1c20ba3629cfcfd20170dae5a') in 0.023819 seconds 
========================================================================
Received Import Request.
  Time since last request: 0.000042 seconds.
  path: Assets/UndeadAsset/Demo/Undead.unity
  artifactKey: Guid(362e4a78bb8a3004ba14f3d9092a45b3) Importer(2089858483,c653a7c40615fbf8c82c05b109e42dfe)
Start importing Assets/UndeadAsset/Demo/Undead.unity using Guid(362e4a78bb8a3004ba14f3d9092a45b3) Importer(2089858483,c653a7c40615fbf8c82c05b109e42dfe) Opening scene 'Assets/UndeadAsset/Demo/Undead.unity additively'
LightingSettings: switching bake backend from 1 to 2.
Loaded scene 'Assets/UndeadAsset/Demo/Undead.unity'
	Deserialize:            30.784 ms
	Integration:            22.093 ms
	Integration of assets:  0.006 ms
	Thread Wait Time:       0.005 ms
	Total Operation Time:   52.888 ms
Generated GUIDs only implemented for interfaces!
 -> (artifact id: 'efc0c9e1fcf503166cb1574b37dba8bc') in 0.797934 seconds 
========================================================================
Received Import Request.
  Time since last request: 0.000029 seconds.
  path: Assets/UndeadAsset/Textures/colors.png
  artifactKey: Guid(eef7977e8af132844bd2a029ef3e217a) Importer(2089858483,c653a7c40615fbf8c82c05b109e42dfe)
Start importing Assets/UndeadAsset/Textures/colors.png using Guid(eef7977e8af132844bd2a029ef3e217a) Importer(2089858483,c653a7c40615fbf8c82c05b109e42dfe) Generated GUIDs only implemented for interfaces!
 -> (artifact id: '1f2e6ea64cc5772e55a1bdafab754956') in 0.071849 seconds 
========================================================================
Received Import Request.
  Time since last request: 0.000032 seconds.
  path: Assets/UndeadAsset/Prefabs/Character/SkeletonLich.prefab
  artifactKey: Guid(4b9b4dd6b7633d44c9d2f1275fd92055) Importer(2089858483,c653a7c40615fbf8c82c05b109e42dfe)
Start importing Assets/UndeadAsset/Prefabs/Character/SkeletonLich.prefab using Guid(4b9b4dd6b7633d44c9d2f1275fd92055) Importer(2089858483,c653a7c40615fbf8c82c05b109e42dfe) Generated GUIDs only implemented for interfaces!
 -> (artifact id: 'b8d4968b64e001b5e45d7e6ea04d664a') in 0.200819 seconds 
========================================================================
Received Prepare
Registering precompiled user dll's ...
Registered in 0.015026 seconds.
Begin MonoManager ReloadAssembly
Symbol file LoadedFromMemory doesn't match image C:\Users\lucas\Desktop\ProyectoFinal\Library\PackageCache\com.unity.visualscripting@1.8.0\Editor\VisualScripting.Core\Dependencies\YamlDotNet\Unity.VisualScripting.YamlDotNet.dll
Symbol file LoadedFromMemory doesn't match image C:\Users\lucas\Desktop\ProyectoFinal\Library\PackageCache\com.unity.visualscripting@1.8.0\Editor\VisualScripting.Core\Dependencies\DotNetZip\Unity.VisualScripting.IonicZip.dll
Native extension for WindowsStandalone target not found
Refreshing native plugins compatible for Editor in 1.01 ms, found 3 plugins.
Preloading 0 native plugins for Editor in 0.00 ms.
Mono: successfully reloaded assembly
- Completed reload, in  1.673 seconds
Domain Reload Profiling:
	ReloadAssembly (1674ms)
		BeginReloadAssembly (178ms)
			ExecutionOrderSort (0ms)
			DisableScriptedObjects (5ms)
			BackupInstance (0ms)
			ReleaseScriptingObjects (0ms)
			CreateAndSetChildDomain (69ms)
		EndReloadAssembly (1377ms)
			LoadAssemblies (107ms)
			RebuildTransferFunctionScriptingTraits (0ms)
			SetupTypeCache (500ms)
			ReleaseScriptCaches (2ms)
			RebuildScriptCaches (64ms)
			SetupLoadedEditorAssemblies (611ms)
				LogAssemblyErrors (0ms)
				InitializePlatformSupportModulesInManaged (15ms)
				SetLoadedEditorAssemblies (1ms)
				RefreshPlugins (1ms)
				BeforeProcessingInitializeOnLoad (106ms)
				ProcessInitializeOnLoadAttributes (375ms)
				ProcessInitializeOnLoadMethodAttributes (101ms)
				AfterProcessingInitializeOnLoad (12ms)
				EditorAssembliesLoaded (0ms)
			ExecutionOrderSort2 (0ms)
			AwakeInstancesAfterBackupRestoration (18ms)
Platform modules already initialized, skipping
Refreshing native plugins compatible for Editor in 8.03 ms, found 3 plugins.
Preloading 0 native plugins for Editor in 0.00 ms.
Unloading 5278 Unused Serialized files (Serialized files now loaded: 0)
Unloading 26 unused Assets / (444.8 KB). Loaded Objects now: 5897.
Memory consumption went from 226.8 MB to 226.4 MB.
Total: 12.643200 ms (FindLiveObjects: 0.861300 ms CreateObjectMapping: 0.767800 ms MarkObjects: 10.666600 ms  DeleteObjects: 0.345100 ms)

AssetImportParameters requested are different than current active one (requested -> active):
  custom:video-decoder-ogg-theora: a1e56fd34408186e4bbccfd4996cb3dc -> 
  custom:container-muxer-webm: aa71ff27fc2769a1b78a27578f13a17b -> 
  custom:container-demuxer-webm: 4f35f7cbe854078d1ac9338744f61a02 -> 
  custom:video-encoder-webm-vp8: eb34c28f22e8b96e1ab97ce403110664 -> 
  custom:audio-encoder-webm-vorbis: bf7c407c2cedff20999df2af8eb42d56 -> 
  custom:framework-win-MediaFoundation: 216162199b28c13a410421893ffa2e32 -> 
  custom:container-demuxer-ogg: 62fdf1f143b41e24485cea50d1cbac27 -> 
  custom:video-decoder-webm-vp8: 9c59270c3fd7afecdb556c50c9e8de78 -> 
  custom:audio-decoder-ogg-vorbis: bf7c407c2cedff20999df2af8eb42d56 -> 
========================================================================
Received Import Request.
  Time since last request: 920.562479 seconds.
  path: Assets/Prefab/EnemigoViejo.prefab
  artifactKey: Guid(0a510dd38aa58ce4b84523825800a5cc) Importer(815301076,1909f56bfc062723c751e8b465ee728b)
Start importing Assets/Prefab/EnemigoViejo.prefab using Guid(0a510dd38aa58ce4b84523825800a5cc) Importer(815301076,1909f56bfc062723c751e8b465ee728b)  -> (artifact id: '2dcf14bbbb148812acc3949bf31ea582') in 0.330527 seconds 
========================================================================
Received Prepare
Registering precompiled user dll's ...
Registered in 0.009741 seconds.
Begin MonoManager ReloadAssembly
Symbol file LoadedFromMemory doesn't match image C:\Users\lucas\Desktop\ProyectoFinal\Library\PackageCache\com.unity.visualscripting@1.8.0\Editor\VisualScripting.Core\Dependencies\YamlDotNet\Unity.VisualScripting.YamlDotNet.dll
Symbol file LoadedFromMemory doesn't match image C:\Users\lucas\Desktop\ProyectoFinal\Library\PackageCache\com.unity.visualscripting@1.8.0\Editor\VisualScripting.Core\Dependencies\DotNetZip\Unity.VisualScripting.IonicZip.dll
Native extension for WindowsStandalone target not found
Refreshing native plugins compatible for Editor in 1.60 ms, found 3 plugins.
Preloading 0 native plugins for Editor in 0.00 ms.
Mono: successfully reloaded assembly
- Completed reload, in  2.416 seconds
Domain Reload Profiling:
	ReloadAssembly (2417ms)
		BeginReloadAssembly (165ms)
			ExecutionOrderSort (0ms)
			DisableScriptedObjects (11ms)
			BackupInstance (0ms)
			ReleaseScriptingObjects (0ms)
			CreateAndSetChildDomain (50ms)
		EndReloadAssembly (2129ms)
			LoadAssemblies (106ms)
			RebuildTransferFunctionScriptingTraits (0ms)
			SetupTypeCache (717ms)
			ReleaseScriptCaches (4ms)
			RebuildScriptCaches (154ms)
			SetupLoadedEditorAssemblies (896ms)
				LogAssemblyErrors (0ms)
				InitializePlatformSupportModulesInManaged (41ms)
				SetLoadedEditorAssemblies (1ms)
				RefreshPlugins (2ms)
				BeforeProcessingInitializeOnLoad (253ms)
				ProcessInitializeOnLoadAttributes (493ms)
				ProcessInitializeOnLoadMethodAttributes (100ms)
				AfterProcessingInitializeOnLoad (7ms)
				EditorAssembliesLoaded (0ms)
			ExecutionOrderSort2 (0ms)
			AwakeInstancesAfterBackupRestoration (17ms)
Platform modules already initialized, skipping
Refreshing native plugins compatible for Editor in 8.84 ms, found 3 plugins.
Preloading 0 native plugins for Editor in 0.00 ms.
Unloading 5278 Unused Serialized files (Serialized files now loaded: 0)
Unloading 32 unused Assets / (447.5 KB). Loaded Objects now: 5966.
Memory consumption went from 233.3 MB to 232.8 MB.
Total: 9.596500 ms (FindLiveObjects: 1.001200 ms CreateObjectMapping: 0.822400 ms MarkObjects: 7.337600 ms  DeleteObjects: 0.433000 ms)

AssetImportParameters requested are different than current active one (requested -> active):
  custom:video-decoder-ogg-theora: a1e56fd34408186e4bbccfd4996cb3dc -> 
  custom:container-muxer-webm: aa71ff27fc2769a1b78a27578f13a17b -> 
  custom:container-demuxer-webm: 4f35f7cbe854078d1ac9338744f61a02 -> 
  custom:video-encoder-webm-vp8: eb34c28f22e8b96e1ab97ce403110664 -> 
  custom:audio-encoder-webm-vorbis: bf7c407c2cedff20999df2af8eb42d56 -> 
  custom:framework-win-MediaFoundation: 216162199b28c13a410421893ffa2e32 -> 
  custom:container-demuxer-ogg: 62fdf1f143b41e24485cea50d1cbac27 -> 
  custom:video-decoder-webm-vp8: 9c59270c3fd7afecdb556c50c9e8de78 -> 
  custom:audio-decoder-ogg-vorbis: bf7c407c2cedff20999df2af8eb42d56 -> 
========================================================================
Received Import Request.
  Time since last request: 16.855771 seconds.
  path: Assets/Prefab/EnemigoViejo.prefab
  artifactKey: Guid(0a510dd38aa58ce4b84523825800a5cc) Importer(815301076,1909f56bfc062723c751e8b465ee728b)
Start importing Assets/Prefab/EnemigoViejo.prefab using Guid(0a510dd38aa58ce4b84523825800a5cc) Importer(815301076,1909f56bfc062723c751e8b465ee728b)  -> (artifact id: '9f7c1fec7be73a5972204013d81ac67c') in 0.574788 seconds 
========================================================================
Received Prepare
Registering precompiled user dll's ...
Registered in 0.015488 seconds.
Begin MonoManager ReloadAssembly
Symbol file LoadedFromMemory doesn't match image C:\Users\lucas\Desktop\ProyectoFinal\Library\PackageCache\com.unity.visualscripting@1.8.0\Editor\VisualScripting.Core\Dependencies\YamlDotNet\Unity.VisualScripting.YamlDotNet.dll
Symbol file LoadedFromMemory doesn't match image C:\Users\lucas\Desktop\ProyectoFinal\Library\PackageCache\com.unity.visualscripting@1.8.0\Editor\VisualScripting.Core\Dependencies\DotNetZip\Unity.VisualScripting.IonicZip.dll
Native extension for WindowsStandalone target not found
Refreshing native plugins compatible for Editor in 1.32 ms, found 3 plugins.
Preloading 0 native plugins for Editor in 0.00 ms.
Mono: successfully reloaded assembly
- Completed reload, in  1.728 seconds
Domain Reload Profiling:
	ReloadAssembly (1729ms)
		BeginReloadAssembly (178ms)
			ExecutionOrderSort (0ms)
			DisableScriptedObjects (9ms)
			BackupInstance (0ms)
			ReleaseScriptingObjects (0ms)
			CreateAndSetChildDomain (59ms)
		EndReloadAssembly (1428ms)
			LoadAssemblies (108ms)
			RebuildTransferFunctionScriptingTraits (0ms)
			SetupTypeCache (440ms)
			ReleaseScriptCaches (2ms)
			RebuildScriptCaches (71ms)
			SetupLoadedEditorAssemblies (684ms)
				LogAssemblyErrors (0ms)
				InitializePlatformSupportModulesInManaged (18ms)
				SetLoadedEditorAssemblies (1ms)
				RefreshPlugins (1ms)
				BeforeProcessingInitializeOnLoad (120ms)
				ProcessInitializeOnLoadAttributes (432ms)
				ProcessInitializeOnLoadMethodAttributes (103ms)
				AfterProcessingInitializeOnLoad (8ms)
				EditorAssembliesLoaded (0ms)
			ExecutionOrderSort2 (0ms)
			AwakeInstancesAfterBackupRestoration (22ms)
Platform modules already initialized, skipping
Refreshing native plugins compatible for Editor in 7.48 ms, found 3 plugins.
Preloading 0 native plugins for Editor in 0.00 ms.
Unloading 5278 Unused Serialized files (Serialized files now loaded: 0)
Unloading 32 unused Assets / (447.7 KB). Loaded Objects now: 6021.
Memory consumption went from 233.3 MB to 232.9 MB.
Total: 10.372800 ms (FindLiveObjects: 0.888200 ms CreateObjectMapping: 0.716600 ms MarkObjects: 7.949900 ms  DeleteObjects: 0.816100 ms)

AssetImportParameters requested are different than current active one (requested -> active):
  custom:video-decoder-ogg-theora: a1e56fd34408186e4bbccfd4996cb3dc -> 
  custom:container-muxer-webm: aa71ff27fc2769a1b78a27578f13a17b -> 
  custom:container-demuxer-webm: 4f35f7cbe854078d1ac9338744f61a02 -> 
  custom:video-encoder-webm-vp8: eb34c28f22e8b96e1ab97ce403110664 -> 
  custom:audio-encoder-webm-vorbis: bf7c407c2cedff20999df2af8eb42d56 -> 
  custom:framework-win-MediaFoundation: 216162199b28c13a410421893ffa2e32 -> 
  custom:container-demuxer-ogg: 62fdf1f143b41e24485cea50d1cbac27 -> 
  custom:video-decoder-webm-vp8: 9c59270c3fd7afecdb556c50c9e8de78 -> 
  custom:audio-decoder-ogg-vorbis: bf7c407c2cedff20999df2af8eb42d56 -> 
========================================================================
Received Prepare
Registering precompiled user dll's ...
Registered in 0.010528 seconds.
Begin MonoManager ReloadAssembly
Symbol file LoadedFromMemory doesn't match image C:\Users\lucas\Desktop\ProyectoFinal\Library\PackageCache\com.unity.visualscripting@1.8.0\Editor\VisualScripting.Core\Dependencies\YamlDotNet\Unity.VisualScripting.YamlDotNet.dll
Symbol file LoadedFromMemory doesn't match image C:\Users\lucas\Desktop\ProyectoFinal\Library\PackageCache\com.unity.visualscripting@1.8.0\Editor\VisualScripting.Core\Dependencies\DotNetZip\Unity.VisualScripting.IonicZip.dll
Native extension for WindowsStandalone target not found
Refreshing native plugins compatible for Editor in 2.26 ms, found 3 plugins.
Preloading 0 native plugins for Editor in 0.00 ms.
Mono: successfully reloaded assembly
- Completed reload, in  2.434 seconds
Domain Reload Profiling:
	ReloadAssembly (2435ms)
		BeginReloadAssembly (167ms)
			ExecutionOrderSort (0ms)
			DisableScriptedObjects (9ms)
			BackupInstance (0ms)
			ReleaseScriptingObjects (0ms)
			CreateAndSetChildDomain (44ms)
		EndReloadAssembly (2142ms)
			LoadAssemblies (144ms)
			RebuildTransferFunctionScriptingTraits (0ms)
			SetupTypeCache (921ms)
			ReleaseScriptCaches (3ms)
			RebuildScriptCaches (151ms)
			SetupLoadedEditorAssemblies (653ms)
				LogAssemblyErrors (0ms)
				InitializePlatformSupportModulesInManaged (34ms)
				SetLoadedEditorAssemblies (2ms)
				RefreshPlugins (2ms)
				BeforeProcessingInitializeOnLoad (124ms)
				ProcessInitializeOnLoadAttributes (385ms)
				ProcessInitializeOnLoadMethodAttributes (100ms)
				AfterProcessingInitializeOnLoad (7ms)
				EditorAssembliesLoaded (0ms)
			ExecutionOrderSort2 (0ms)
			AwakeInstancesAfterBackupRestoration (18ms)
Platform modules already initialized, skipping
Refreshing native plugins compatible for Editor in 3.08 ms, found 3 plugins.
Preloading 0 native plugins for Editor in 0.00 ms.
Unloading 5278 Unused Serialized files (Serialized files now loaded: 0)
Unloading 26 unused Assets / (444.9 KB). Loaded Objects now: 6036.
Memory consumption went from 233.2 MB to 232.8 MB.
Total: 6.346700 ms (FindLiveObjects: 1.305900 ms CreateObjectMapping: 0.537700 ms MarkObjects: 4.146500 ms  DeleteObjects: 0.355000 ms)

AssetImportParameters requested are different than current active one (requested -> active):
  custom:video-decoder-ogg-theora: a1e56fd34408186e4bbccfd4996cb3dc -> 
  custom:container-muxer-webm: aa71ff27fc2769a1b78a27578f13a17b -> 
  custom:container-demuxer-webm: 4f35f7cbe854078d1ac9338744f61a02 -> 
  custom:video-encoder-webm-vp8: eb34c28f22e8b96e1ab97ce403110664 -> 
  custom:audio-encoder-webm-vorbis: bf7c407c2cedff20999df2af8eb42d56 -> 
  custom:framework-win-MediaFoundation: 216162199b28c13a410421893ffa2e32 -> 
  custom:container-demuxer-ogg: 62fdf1f143b41e24485cea50d1cbac27 -> 
  custom:video-decoder-webm-vp8: 9c59270c3fd7afecdb556c50c9e8de78 -> 
  custom:audio-decoder-ogg-vorbis: bf7c407c2cedff20999df2af8eb42d56 -> 
========================================================================
Received Prepare
Registering precompiled user dll's ...
Registered in 0.015278 seconds.
Begin MonoManager ReloadAssembly
Symbol file LoadedFromMemory doesn't match image C:\Users\lucas\Desktop\ProyectoFinal\Library\PackageCache\com.unity.visualscripting@1.8.0\Editor\VisualScripting.Core\Dependencies\YamlDotNet\Unity.VisualScripting.YamlDotNet.dll
Symbol file LoadedFromMemory doesn't match image C:\Users\lucas\Desktop\ProyectoFinal\Library\PackageCache\com.unity.visualscripting@1.8.0\Editor\VisualScripting.Core\Dependencies\DotNetZip\Unity.VisualScripting.IonicZip.dll
Native extension for WindowsStandalone target not found
Refreshing native plugins compatible for Editor in 2.34 ms, found 3 plugins.
Preloading 0 native plugins for Editor in 0.00 ms.
Mono: successfully reloaded assembly
- Completed reload, in  2.460 seconds
Domain Reload Profiling:
	ReloadAssembly (2461ms)
		BeginReloadAssembly (160ms)
			ExecutionOrderSort (0ms)
			DisableScriptedObjects (7ms)
			BackupInstance (0ms)
			ReleaseScriptingObjects (0ms)
			CreateAndSetChildDomain (47ms)
		EndReloadAssembly (2188ms)
			LoadAssemblies (103ms)
			RebuildTransferFunctionScriptingTraits (0ms)
			SetupTypeCache (488ms)
			ReleaseScriptCaches (3ms)
			RebuildScriptCaches (157ms)
			SetupLoadedEditorAssemblies (1178ms)
				LogAssemblyErrors (0ms)
				InitializePlatformSupportModulesInManaged (32ms)
				SetLoadedEditorAssemblies (1ms)
				RefreshPlugins (3ms)
				BeforeProcessingInitializeOnLoad (256ms)
				ProcessInitializeOnLoadAttributes (780ms)
				ProcessInitializeOnLoadMethodAttributes (97ms)
				AfterProcessingInitializeOnLoad (8ms)
				EditorAssembliesLoaded (0ms)
			ExecutionOrderSort2 (0ms)
			AwakeInstancesAfterBackupRestoration (18ms)
Platform modules already initialized, skipping
Refreshing native plugins compatible for Editor in 3.19 ms, found 3 plugins.
Preloading 0 native plugins for Editor in 0.00 ms.
Unloading 5278 Unused Serialized files (Serialized files now loaded: 0)
Unloading 26 unused Assets / (445.1 KB). Loaded Objects now: 6051.
Memory consumption went from 233.3 MB to 232.8 MB.
Total: 6.105900 ms (FindLiveObjects: 0.885700 ms CreateObjectMapping: 0.819400 ms MarkObjects: 4.160800 ms  DeleteObjects: 0.236100 ms)

AssetImportParameters requested are different than current active one (requested -> active):
  custom:video-decoder-ogg-theora: a1e56fd34408186e4bbccfd4996cb3dc -> 
  custom:container-muxer-webm: aa71ff27fc2769a1b78a27578f13a17b -> 
  custom:container-demuxer-webm: 4f35f7cbe854078d1ac9338744f61a02 -> 
  custom:video-encoder-webm-vp8: eb34c28f22e8b96e1ab97ce403110664 -> 
  custom:audio-encoder-webm-vorbis: bf7c407c2cedff20999df2af8eb42d56 -> 
  custom:framework-win-MediaFoundation: 216162199b28c13a410421893ffa2e32 -> 
  custom:container-demuxer-ogg: 62fdf1f143b41e24485cea50d1cbac27 -> 
  custom:video-decoder-webm-vp8: 9c59270c3fd7afecdb556c50c9e8de78 -> 
  custom:audio-decoder-ogg-vorbis: bf7c407c2cedff20999df2af8eb42d56 -> 
========================================================================
Received Prepare
Registering precompiled user dll's ...
Registered in 0.013458 seconds.
Begin MonoManager ReloadAssembly
Symbol file LoadedFromMemory doesn't match image C:\Users\lucas\Desktop\ProyectoFinal\Library\PackageCache\com.unity.visualscripting@1.8.0\Editor\VisualScripting.Core\Dependencies\YamlDotNet\Unity.VisualScripting.YamlDotNet.dll
Symbol file LoadedFromMemory doesn't match image C:\Users\lucas\Desktop\ProyectoFinal\Library\PackageCache\com.unity.visualscripting@1.8.0\Editor\VisualScripting.Core\Dependencies\DotNetZip\Unity.VisualScripting.IonicZip.dll
Native extension for WindowsStandalone target not found
Refreshing native plugins compatible for Editor in 1.18 ms, found 3 plugins.
Preloading 0 native plugins for Editor in 0.00 ms.
Mono: successfully reloaded assembly
- Completed reload, in  1.609 seconds
Domain Reload Profiling:
	ReloadAssembly (1610ms)
		BeginReloadAssembly (156ms)
			ExecutionOrderSort (0ms)
			DisableScriptedObjects (7ms)
			BackupInstance (0ms)
			ReleaseScriptingObjects (0ms)
			CreateAndSetChildDomain (49ms)
		EndReloadAssembly (1344ms)
			LoadAssemblies (103ms)
			RebuildTransferFunctionScriptingTraits (0ms)
			SetupTypeCache (433ms)
			ReleaseScriptCaches (3ms)
			RebuildScriptCaches (69ms)
			SetupLoadedEditorAssemblies (627ms)
				LogAssemblyErrors (0ms)
				InitializePlatformSupportModulesInManaged (18ms)
				SetLoadedEditorAssemblies (1ms)
				RefreshPlugins (1ms)
				BeforeProcessingInitializeOnLoad (116ms)
				ProcessInitializeOnLoadAttributes (385ms)
				ProcessInitializeOnLoadMethodAttributes (100ms)
				AfterProcessingInitializeOnLoad (7ms)
				EditorAssembliesLoaded (0ms)
			ExecutionOrderSort2 (0ms)
			AwakeInstancesAfterBackupRestoration (16ms)
Platform modules already initialized, skipping
Refreshing native plugins compatible for Editor in 14.09 ms, found 3 plugins.
Preloading 0 native plugins for Editor in 0.00 ms.
Unloading 5278 Unused Serialized files (Serialized files now loaded: 0)
Unloading 26 unused Assets / (445.0 KB). Loaded Objects now: 6066.
Memory consumption went from 233.3 MB to 232.8 MB.
Total: 14.754100 ms (FindLiveObjects: 1.383000 ms CreateObjectMapping: 1.522500 ms MarkObjects: 11.302500 ms  DeleteObjects: 0.544100 ms)

AssetImportParameters requested are different than current active one (requested -> active):
  custom:video-decoder-ogg-theora: a1e56fd34408186e4bbccfd4996cb3dc -> 
  custom:container-muxer-webm: aa71ff27fc2769a1b78a27578f13a17b -> 
  custom:container-demuxer-webm: 4f35f7cbe854078d1ac9338744f61a02 -> 
  custom:video-encoder-webm-vp8: eb34c28f22e8b96e1ab97ce403110664 -> 
  custom:audio-encoder-webm-vorbis: bf7c407c2cedff20999df2af8eb42d56 -> 
  custom:framework-win-MediaFoundation: 216162199b28c13a410421893ffa2e32 -> 
  custom:container-demuxer-ogg: 62fdf1f143b41e24485cea50d1cbac27 -> 
  custom:video-decoder-webm-vp8: 9c59270c3fd7afecdb556c50c9e8de78 -> 
  custom:audio-decoder-ogg-vorbis: bf7c407c2cedff20999df2af8eb42d56 -> 
========================================================================
Received Prepare
Registering precompiled user dll's ...
Registered in 0.012353 seconds.
Begin MonoManager ReloadAssembly
Symbol file LoadedFromMemory doesn't match image C:\Users\lucas\Desktop\ProyectoFinal\Library\PackageCache\com.unity.visualscripting@1.8.0\Editor\VisualScripting.Core\Dependencies\YamlDotNet\Unity.VisualScripting.YamlDotNet.dll
Symbol file LoadedFromMemory doesn't match image C:\Users\lucas\Desktop\ProyectoFinal\Library\PackageCache\com.unity.visualscripting@1.8.0\Editor\VisualScripting.Core\Dependencies\DotNetZip\Unity.VisualScripting.IonicZip.dll
Native extension for WindowsStandalone target not found
Refreshing native plugins compatible for Editor in 1.26 ms, found 3 plugins.
Preloading 0 native plugins for Editor in 0.00 ms.
Mono: successfully reloaded assembly
- Completed reload, in  2.215 seconds
Domain Reload Profiling:
	ReloadAssembly (2217ms)
		BeginReloadAssembly (338ms)
			ExecutionOrderSort (0ms)
			DisableScriptedObjects (24ms)
			BackupInstance (0ms)
			ReleaseScriptingObjects (0ms)
			CreateAndSetChildDomain (92ms)
		EndReloadAssembly (1599ms)
			LoadAssemblies (202ms)
			RebuildTransferFunctionScriptingTraits (0ms)
			SetupTypeCache (566ms)
			ReleaseScriptCaches (2ms)
			RebuildScriptCaches (78ms)
			SetupLoadedEditorAssemblies (702ms)
				LogAssemblyErrors (0ms)
				InitializePlatformSupportModulesInManaged (15ms)
				SetLoadedEditorAssemblies (1ms)
				RefreshPlugins (1ms)
				BeforeProcessingInitializeOnLoad (130ms)
				ProcessInitializeOnLoadAttributes (442ms)
				ProcessInitializeOnLoadMethodAttributes (105ms)
				AfterProcessingInitializeOnLoad (7ms)
				EditorAssembliesLoaded (0ms)
			ExecutionOrderSort2 (0ms)
			AwakeInstancesAfterBackupRestoration (18ms)
Platform modules already initialized, skipping
Refreshing native plugins compatible for Editor in 6.18 ms, found 3 plugins.
Preloading 0 native plugins for Editor in 0.00 ms.
Unloading 5278 Unused Serialized files (Serialized files now loaded: 0)
Unloading 26 unused Assets / (445.9 KB). Loaded Objects now: 6081.
Memory consumption went from 233.2 MB to 232.8 MB.
Total: 9.279200 ms (FindLiveObjects: 0.859000 ms CreateObjectMapping: 0.796900 ms MarkObjects: 7.122000 ms  DeleteObjects: 0.499100 ms)

AssetImportParameters requested are different than current active one (requested -> active):
  custom:video-decoder-ogg-theora: a1e56fd34408186e4bbccfd4996cb3dc -> 
  custom:container-muxer-webm: aa71ff27fc2769a1b78a27578f13a17b -> 
  custom:container-demuxer-webm: 4f35f7cbe854078d1ac9338744f61a02 -> 
  custom:video-encoder-webm-vp8: eb34c28f22e8b96e1ab97ce403110664 -> 
  custom:audio-encoder-webm-vorbis: bf7c407c2cedff20999df2af8eb42d56 -> 
  custom:framework-win-MediaFoundation: 216162199b28c13a410421893ffa2e32 -> 
  custom:container-demuxer-ogg: 62fdf1f143b41e24485cea50d1cbac27 -> 
  custom:video-decoder-webm-vp8: 9c59270c3fd7afecdb556c50c9e8de78 -> 
  custom:audio-decoder-ogg-vorbis: bf7c407c2cedff20999df2af8eb42d56 -> 
